<?xml version="1.0" encoding="UTF-8"?>
<!-- Generated by org.testng.reporters.JUnitReportReporter -->
<testsuite skipped="0" hostname="DESKTOP-SJD78FI" name="tests.ProhibtedProductTestCase" tests="1" failures="0" timestamp="24 Oct 2020 11:26:17 GMT" time="7.388" errors="0">
  <testcase name="userAddProhibtedItemsProducts" time="7.388" classname="tests.ProhibtedProductTestCase"/>
</testsuite> <!-- tests.ProhibtedProductTestCase -->
