<?xml version="1.0" encoding="UTF-8"?>
<!-- Generated by org.testng.reporters.JUnitReportReporter -->
<testsuite skipped="0" hostname="DESKTOP-SJD78FI" name="tests.AutomatedProductTestCase" tests="1" failures="0" timestamp="24 Oct 2020 11:25:39 GMT" time="13.042" errors="0">
  <testcase name="userAddAutomatedItemsProducts" time="13.042" classname="tests.AutomatedProductTestCase"/>
</testsuite> <!-- tests.AutomatedProductTestCase -->
